<?xml version="1.0" encoding="UTF-8"?>
<!-- Generated by org.testng.reporters.JUnitReportReporter -->
<testsuite skipped="0" hostname="RavindraPC" name="com.shopping.page.Test.Sign_InTest" tests="1" failures="0" timestamp="2020-10-01T13:12:12 IST" time="12.422" errors="0">
  <testcase name="clickonSigninPage" time="12.422" classname="com.shopping.page.Test.Sign_InTest"/>
</testsuite> <!-- com.shopping.page.Test.Sign_InTest -->
