<?xml version="1.0" encoding="UTF-8"?>
<!-- Generated by org.testng.reporters.JUnitReportReporter -->
<testsuite skipped="0" hostname="RavindraPC" name="com.shopping.page.Test.CasualDressTest" tests="1" failures="0" timestamp="2020-10-02T14:57:52 IST" time="23.316" errors="0">
  <testcase name="ClickOn_MultipleDress" time="23.316" classname="com.shopping.page.Test.CasualDressTest"/>
</testsuite> <!-- com.shopping.page.Test.CasualDressTest -->
