<?xml version="1.0" encoding="UTF-8"?>
<!-- Generated by org.testng.reporters.JUnitReportReporter -->
<testsuite skipped="0" hostname="RavindraPC" name="com.shopping.page.Test.SummerDress_Test" tests="1" failures="0" timestamp="2020-10-02T17:04:50 IST" time="19.331" errors="0">
  <testcase name="ClickOn_MultipleDress" time="19.331" classname="com.shopping.page.Test.SummerDress_Test"/>
</testsuite> <!-- com.shopping.page.Test.SummerDress_Test -->
