<?xml version="1.0" encoding="UTF-8"?>
<!-- Generated by org.testng.reporters.JUnitReportReporter -->
<testsuite skipped="0" hostname="RavindraPC" name="com.shopping.page.Test.PurchaseDress_Test" tests="8" failures="0" timestamp="2020-10-02T12:10:22 IST" time="57.228" errors="0">
  <testcase name="Online_clickOn_editAddress" time="11.956" classname="com.shopping.page.Test.PurchaseDress_Test"/>
  <testcase name="Online_clickOn_Quantity" time="11.762" classname="com.shopping.page.Test.PurchaseDress_Test"/>
  <testcase name="Online_clickOn_AddtoCart" time="0.236" classname="com.shopping.page.Test.PurchaseDress_Test"/>
  <testcase name="Online_clickOn_Sortby" time="0.252" classname="com.shopping.page.Test.PurchaseDress_Test"/>
  <testcase name="Online_clickOn_proceedTocheckout" time="5.456" classname="com.shopping.page.Test.PurchaseDress_Test"/>
  <testcase name="Online_ClickOn_TermsandProceedToCheck" time="11.540" classname="com.shopping.page.Test.PurchaseDress_Test"/>
  <testcase name="Online_clickon_Size" time="0.559" classname="com.shopping.page.Test.PurchaseDress_Test"/>
  <testcase name="Online_clickon_Purchase" time="15.467" classname="com.shopping.page.Test.PurchaseDress_Test"/>
</testsuite> <!-- com.shopping.page.Test.PurchaseDress_Test -->
