<?xml version="1.0" encoding="UTF-8"?>
<!-- Generated by org.testng.reporters.JUnitReportReporter -->
<testsuite skipped="0" hostname="RavindraPC" name="com.shopping.page.Test.EveningDressTest" tests="1" failures="0" timestamp="2020-10-02T17:29:39 IST" time="29.522" errors="0">
  <testcase name="ClickOn_MultipleDress" time="29.522" classname="com.shopping.page.Test.EveningDressTest"/>
</testsuite> <!-- com.shopping.page.Test.EveningDressTest -->
